[25604:35956:0317/140804.958:WARNING:chrome_main_delegate.cc(745)] This is Chrome version 128.0.6613.138 (not a warning)
[25604:35956:0317/140805.186:WARNING:account_consistency_mode_manager.cc(77)] Desktop Identity Consistency cannot be enabled as no OAuth client ID and client secret have been configured.
[25604:18600:0317/140808.574:WARNING:leveldb_database.cc(141)] Unable to open C:\Unreal Engine\Repository\GameJamRepo\GameJam1\GamJamMovement\Saved\webcache_6613\Default\shared_proto_db\metadata: IO error: C:\Unreal Engine\Repository\GameJamRepo\GameJam1\GamJamMovement\Saved\webcache_6613\Default\shared_proto_db\metadata/MANIFEST-000001: Unable to create sequential file (ChromeMethodBFE: 7::NewSequentialFile::1)
[25604:18600:0317/140808.575:WARNING:leveldb_database.cc(141)] Unable to open C:\Unreal Engine\Repository\GameJamRepo\GameJam1\GamJamMovement\Saved\webcache_6613\Default\shared_proto_db\metadata: IO error: C:\Unreal Engine\Repository\GameJamRepo\GameJam1\GamJamMovement\Saved\webcache_6613\Default\shared_proto_db\metadata/MANIFEST-000001: Unable to create sequential file (ChromeMethodBFE: 7::NewSequentialFile::1)
[25604:18600:0317/140808.577:WARNING:leveldb_database.cc(141)] Unable to open C:\Unreal Engine\Repository\GameJamRepo\GameJam1\GamJamMovement\Saved\webcache_6613\Default\shared_proto_db\metadata: IO error: C:\Unreal Engine\Repository\GameJamRepo\GameJam1\GamJamMovement\Saved\webcache_6613\Default\shared_proto_db\metadata/MANIFEST-000001: Unable to create sequential file (ChromeMethodBFE: 7::NewSequentialFile::1)
[25604:18600:0317/140808.578:WARNING:leveldb_database.cc(141)] Unable to open C:\Unreal Engine\Repository\GameJamRepo\GameJam1\GamJamMovement\Saved\webcache_6613\Default\shared_proto_db\metadata: IO error: C:\Unreal Engine\Repository\GameJamRepo\GameJam1\GamJamMovement\Saved\webcache_6613\Default\shared_proto_db\metadata/MANIFEST-000001: Unable to create sequential file (ChromeMethodBFE: 7::NewSequentialFile::1)
[25604:24376:0317/140808.932:WARNING:value_store_frontend.cc(47)] Reading ahfgeienlihckogmohjhadlkjgocpleb.alarms from  failed: IO error: .../MANIFEST-000001: Unable to create sequential file (ChromeMethodBFE: 7::NewSequentialFile::1)
[25604:24376:0317/140808.933:WARNING:value_store_frontend.cc(47)] Reading mhjfbmdgcfjbbpaeojofohoefgiehjai.alarms from  failed: IO error: .../MANIFEST-000001: Unable to create sequential file (ChromeMethodBFE: 7::NewSequentialFile::1)
[12096:39296:0317/140809.653:WARNING:frame_impl.cc(430)] virtual CefFrameImpl::SendProcessMessage sent to detached frame 5-5698070BC6F1706CB2D7FDAA7557C5A0 will be ignored
[34220:40780:0317/140809.683:ERROR:backend_impl.cc(989)] Critical error found -8
[34220:40780:0317/140809.683:ERROR:entry_impl.cc(1029)] No file for c1030000
[34220:40780:0317/140809.683:WARNING:storage_block-inl.h(138)] Failed data load.
[34220:40780:0317/140809.853:ERROR:entry_impl.cc(955)] Failed to save user data
[34220:24892:0317/140811.881:ERROR:ssl_client_socket_impl.cc(882)] handshake failed; returned -1, SSL error code 1, net_error -100
[34220:24892:0317/140811.912:ERROR:ssl_client_socket_impl.cc(882)] handshake failed; returned -1, SSL error code 1, net_error -100
[25604:35956:0317/140813.735:ERROR:device_event_log_impl.cc(196)] [14:08:13.734] USB: usb_service_win.cc:105 SetupDiGetDeviceProperty({{A45C254E-DF1C-4EFD-8020-67D146A850E0}, 6}) failed: Element not found. (0x490)
[25604:17436:0317/140813.880:WARNING:leveldb_database.cc(141)] Unable to open C:\Unreal Engine\Repository\GameJamRepo\GameJam1\GamJamMovement\Saved\webcache_6613\Default\GCM Store\Encryption: IO error: C:\Unreal Engine\Repository\GameJamRepo\GameJam1\GamJamMovement\Saved\webcache_6613\Default\GCM Store\Encryption/MANIFEST-000001: Unable to create sequential file (ChromeMethodBFE: 7::NewSequentialFile::1)
[34220:24892:0317/140822.512:ERROR:ssl_client_socket_impl.cc(882)] handshake failed; returned -1, SSL error code 1, net_error -100
[34220:24892:0317/140836.135:ERROR:ssl_client_socket_impl.cc(882)] handshake failed; returned -1, SSL error code 1, net_error -100
[25604:35956:0317/141211.856:WARNING:pref_notifier_impl.cc(41)] Pref observer for media_router.cast_allow_all_ips found at shutdown.
