[6564:26760:0309/173639.991:WARNING:chrome_main_delegate.cc(745)] This is Chrome version 128.0.6613.138 (not a warning)
[6564:26760:0309/173640.000:ERROR:os_crypt_win.cc(100)] Failed to decrypt: Key not valid for use in specified state. (0x8009000B)
[6564:5368:0309/173640.014:ERROR:google_update_settings.cc(265)] Failed opening key Software\Chromium to set usagestats; result: 5
[6564:26760:0309/173640.026:WARNING:account_consistency_mode_manager.cc(77)] Desktop Identity Consistency cannot be enabled as no OAuth client ID and client secret have been configured.
[6564:28332:0309/173642.270:WARNING:leveldb_database.cc(141)] Unable to open D:\GameJamGit\GameJam1\GamJamMovement\Saved\webcache_6613\Default\shared_proto_db\metadata: IO error: D:\GameJamGit\GameJam1\GamJamMovement\Saved\webcache_6613\Default\shared_proto_db\metadata/MANIFEST-000001: Unable to create sequential file (ChromeMethodBFE: 7::NewSequentialFile::1)
[6564:28332:0309/173642.272:WARNING:leveldb_database.cc(141)] Unable to open D:\GameJamGit\GameJam1\GamJamMovement\Saved\webcache_6613\Default\shared_proto_db\metadata: IO error: D:\GameJamGit\GameJam1\GamJamMovement\Saved\webcache_6613\Default\shared_proto_db\metadata/MANIFEST-000001: Unable to create sequential file (ChromeMethodBFE: 7::NewSequentialFile::1)
[6564:28332:0309/173642.273:WARNING:leveldb_database.cc(141)] Unable to open D:\GameJamGit\GameJam1\GamJamMovement\Saved\webcache_6613\Default\shared_proto_db\metadata: IO error: D:\GameJamGit\GameJam1\GamJamMovement\Saved\webcache_6613\Default\shared_proto_db\metadata/MANIFEST-000001: Unable to create sequential file (ChromeMethodBFE: 7::NewSequentialFile::1)
[6564:28332:0309/173642.273:WARNING:leveldb_database.cc(141)] Unable to open D:\GameJamGit\GameJam1\GamJamMovement\Saved\webcache_6613\Default\shared_proto_db\metadata: IO error: D:\GameJamGit\GameJam1\GamJamMovement\Saved\webcache_6613\Default\shared_proto_db\metadata/MANIFEST-000001: Unable to create sequential file (ChromeMethodBFE: 7::NewSequentialFile::1)
[6564:28332:0309/173642.495:WARNING:value_store_frontend.cc(47)] Reading ahfgeienlihckogmohjhadlkjgocpleb.alarms from  failed: IO error: .../MANIFEST-000001: Unable to create sequential file (ChromeMethodBFE: 7::NewSequentialFile::1)
[6564:28332:0309/173642.499:WARNING:value_store_frontend.cc(47)] Reading mhjfbmdgcfjbbpaeojofohoefgiehjai.alarms from  failed: IO error: .../MANIFEST-000001: Unable to create sequential file (ChromeMethodBFE: 7::NewSequentialFile::1)
[28016:11768:0309/173642.564:ERROR:backend_impl.cc(989)] Critical error found -8
[28016:11768:0309/173642.564:ERROR:entry_impl.cc(1029)] No file for b2020000
[28016:11768:0309/173642.564:WARNING:storage_block-inl.h(138)] Failed data load.
[26912:24756:0309/173643.114:WARNING:frame_impl.cc(430)] virtual CefFrameImpl::SendProcessMessage sent to detached frame 5-F44106DC1F3080A5B44FBE771F1DCDF4 will be ignored
[6564:26760:0309/173646.188:ERROR:device_event_log_impl.cc(196)] [17:36:46.181] USB: usb_service_win.cc:105 SetupDiGetDeviceProperty({{A45C254E-DF1C-4EFD-8020-67D146A850E0}, 6}) failed: Element not found. (0x490)
[6564:29164:0309/173646.218:WARNING:leveldb_database.cc(141)] Unable to open D:\GameJamGit\GameJam1\GamJamMovement\Saved\webcache_6613\Default\GCM Store\Encryption: IO error: D:\GameJamGit\GameJam1\GamJamMovement\Saved\webcache_6613\Default\GCM Store\Encryption/MANIFEST-000001: Unable to create sequential file (ChromeMethodBFE: 7::NewSequentialFile::1)
[6564:28404:0309/173646.686:ERROR:cast_crl.cc(443)] CRL - Verification failed.
[6564:28404:0309/173649.366:ERROR:cast_crl.cc(443)] CRL - Verification failed.
[6564:28404:0309/173649.366:ERROR:cast_crl.cc(443)] CRL - Verification failed.
[6564:26760:0309/173709.243:WARNING:pref_notifier_impl.cc(41)] Pref observer for media_router.cast_allow_all_ips found at shutdown.
