[30932:18940:0313/115852.059:WARNING:chrome_main_delegate.cc(745)] This is Chrome version 128.0.6613.138 (not a warning)
[30932:18940:0313/115852.117:WARNING:account_consistency_mode_manager.cc(77)] Desktop Identity Consistency cannot be enabled as no OAuth client ID and client secret have been configured.
[30932:15064:0313/115854.179:WARNING:leveldb_database.cc(141)] Unable to open C:\Unreal Engine\Repository\GameJamRepo\GameJam1\GamJamMovement\Saved\webcache_6613\Default\shared_proto_db\metadata: IO error: C:\Unreal Engine\Repository\GameJamRepo\GameJam1\GamJamMovement\Saved\webcache_6613\Default\shared_proto_db\metadata/MANIFEST-000001: Unable to create sequential file (ChromeMethodBFE: 7::NewSequentialFile::1)
[30932:15064:0313/115854.182:WARNING:leveldb_database.cc(141)] Unable to open C:\Unreal Engine\Repository\GameJamRepo\GameJam1\GamJamMovement\Saved\webcache_6613\Default\shared_proto_db\metadata: IO error: C:\Unreal Engine\Repository\GameJamRepo\GameJam1\GamJamMovement\Saved\webcache_6613\Default\shared_proto_db\metadata/MANIFEST-000001: Unable to create sequential file (ChromeMethodBFE: 7::NewSequentialFile::1)
[30932:15064:0313/115854.183:WARNING:leveldb_database.cc(141)] Unable to open C:\Unreal Engine\Repository\GameJamRepo\GameJam1\GamJamMovement\Saved\webcache_6613\Default\shared_proto_db\metadata: IO error: C:\Unreal Engine\Repository\GameJamRepo\GameJam1\GamJamMovement\Saved\webcache_6613\Default\shared_proto_db\metadata/MANIFEST-000001: Unable to create sequential file (ChromeMethodBFE: 7::NewSequentialFile::1)
[30932:15064:0313/115854.185:WARNING:leveldb_database.cc(141)] Unable to open C:\Unreal Engine\Repository\GameJamRepo\GameJam1\GamJamMovement\Saved\webcache_6613\Default\shared_proto_db\metadata: IO error: C:\Unreal Engine\Repository\GameJamRepo\GameJam1\GamJamMovement\Saved\webcache_6613\Default\shared_proto_db\metadata/MANIFEST-000001: Unable to create sequential file (ChromeMethodBFE: 7::NewSequentialFile::1)
[30932:15064:0313/115854.407:WARNING:value_store_frontend.cc(47)] Reading ahfgeienlihckogmohjhadlkjgocpleb.alarms from  failed: IO error: .../MANIFEST-000001: Unable to create sequential file (ChromeMethodBFE: 7::NewSequentialFile::1)
[30932:15064:0313/115854.408:WARNING:value_store_frontend.cc(47)] Reading mhjfbmdgcfjbbpaeojofohoefgiehjai.alarms from  failed: IO error: .../MANIFEST-000001: Unable to create sequential file (ChromeMethodBFE: 7::NewSequentialFile::1)
[11200:36132:0313/115855.730:WARNING:frame_impl.cc(430)] virtual CefFrameImpl::SendProcessMessage sent to detached frame 5-48276DDFB764D76F3D34760A974E2AAE will be ignored
[19876:2736:0313/115856.442:WARNING:backend_impl.cc(1764)] Destroying invalid entry.
[19876:2736:0313/115856.501:ERROR:backend_impl.cc(989)] Critical error found -8
[19876:2736:0313/115856.501:WARNING:storage_block-inl.h(138)] Failed data load.
[19876:2736:0313/115856.501:WARNING:storage_block-inl.h(138)] Failed data load.
[19876:2736:0313/115856.501:ERROR:entry_impl.cc(1029)] No file for b2020020
[19876:2736:0313/115856.501:WARNING:storage_block-inl.h(138)] Failed data load.
[19876:2736:0313/115856.567:WARNING:storage_block-inl.h(138)] Failed data load.
[19876:2736:0313/115856.567:WARNING:storage_block-inl.h(138)] Failed data load.
[19876:2736:0313/115856.567:WARNING:storage_block-inl.h(138)] Failed data load.
[19876:2736:0313/115856.728:WARNING:storage_block-inl.h(138)] Failed data load.
[19876:2736:0313/115856.728:WARNING:storage_block-inl.h(138)] Failed data load.
[19876:2736:0313/115856.728:WARNING:storage_block-inl.h(138)] Failed data load.
[19876:2736:0313/115856.739:WARNING:storage_block-inl.h(138)] Failed data load.
[19876:2736:0313/115856.739:WARNING:storage_block-inl.h(138)] Failed data load.
[19876:2736:0313/115856.739:WARNING:storage_block-inl.h(138)] Failed data load.
[19876:21936:0313/115858.473:ERROR:ssl_client_socket_impl.cc(882)] handshake failed; returned -1, SSL error code 1, net_error -100
[19876:21936:0313/115858.488:ERROR:ssl_client_socket_impl.cc(882)] handshake failed; returned -1, SSL error code 1, net_error -100
[30932:18940:0313/115859.778:ERROR:device_event_log_impl.cc(196)] [11:58:59.746] USB: usb_service_win.cc:105 SetupDiGetDeviceProperty({{A45C254E-DF1C-4EFD-8020-67D146A850E0}, 6}) failed: Element not found. (0x490)
[30932:24428:0313/115859.838:WARNING:leveldb_database.cc(141)] Unable to open C:\Unreal Engine\Repository\GameJamRepo\GameJam1\GamJamMovement\Saved\webcache_6613\Default\GCM Store\Encryption: IO error: C:\Unreal Engine\Repository\GameJamRepo\GameJam1\GamJamMovement\Saved\webcache_6613\Default\GCM Store\Encryption/MANIFEST-000001: Unable to create sequential file (ChromeMethodBFE: 7::NewSequentialFile::1)
[19876:21936:0313/115906.462:ERROR:ssl_client_socket_impl.cc(882)] handshake failed; returned -1, SSL error code 1, net_error -100
[19876:21936:0313/115914.759:ERROR:ssl_client_socket_impl.cc(882)] handshake failed; returned -1, SSL error code 1, net_error -100
[30932:18940:0313/120622.999:WARNING:pref_notifier_impl.cc(41)] Pref observer for media_router.cast_allow_all_ips found at shutdown.
