[11920:23928:0320/153926.822:WARNING:chrome_main_delegate.cc(745)] This is Chrome version 128.0.6613.138 (not a warning)
[11920:23928:0320/153926.915:ERROR:os_crypt_win.cc(100)] Failed to decrypt: Key not valid for use in specified state. (0x8009000B)
[11920:8728:0320/153926.987:ERROR:google_update_settings.cc(265)] Failed opening key Software\Chromium to set usagestats; result: 5
[11920:23928:0320/153927.058:WARNING:account_consistency_mode_manager.cc(77)] Desktop Identity Consistency cannot be enabled as no OAuth client ID and client secret have been configured.
[11920:8728:0320/153929.949:WARNING:leveldb_database.cc(141)] Unable to open D:\GameJamGit\GameJam1\GamJamMovement\Saved\webcache_6613\Default\shared_proto_db\metadata: IO error: D:\GameJamGit\GameJam1\GamJamMovement\Saved\webcache_6613\Default\shared_proto_db\metadata/MANIFEST-000001: Unable to create sequential file (ChromeMethodBFE: 7::NewSequentialFile::1)
[11920:8728:0320/153929.949:WARNING:leveldb_database.cc(141)] Unable to open D:\GameJamGit\GameJam1\GamJamMovement\Saved\webcache_6613\Default\shared_proto_db\metadata: IO error: D:\GameJamGit\GameJam1\GamJamMovement\Saved\webcache_6613\Default\shared_proto_db\metadata/MANIFEST-000001: Unable to create sequential file (ChromeMethodBFE: 7::NewSequentialFile::1)
[11920:8728:0320/153929.951:WARNING:leveldb_database.cc(141)] Unable to open D:\GameJamGit\GameJam1\GamJamMovement\Saved\webcache_6613\Default\shared_proto_db\metadata: IO error: D:\GameJamGit\GameJam1\GamJamMovement\Saved\webcache_6613\Default\shared_proto_db\metadata/MANIFEST-000001: Unable to create sequential file (ChromeMethodBFE: 7::NewSequentialFile::1)
[11920:8728:0320/153929.951:WARNING:leveldb_database.cc(141)] Unable to open D:\GameJamGit\GameJam1\GamJamMovement\Saved\webcache_6613\Default\shared_proto_db\metadata: IO error: D:\GameJamGit\GameJam1\GamJamMovement\Saved\webcache_6613\Default\shared_proto_db\metadata/MANIFEST-000001: Unable to create sequential file (ChromeMethodBFE: 7::NewSequentialFile::1)
[11920:17384:0320/153930.075:WARNING:value_store_frontend.cc(47)] Reading ahfgeienlihckogmohjhadlkjgocpleb.alarms from  failed: IO error: .../MANIFEST-000001: Unable to create sequential file (ChromeMethodBFE: 7::NewSequentialFile::1)
[11920:17384:0320/153930.078:WARNING:value_store_frontend.cc(47)] Reading mhjfbmdgcfjbbpaeojofohoefgiehjai.alarms from  failed: IO error: .../MANIFEST-000001: Unable to create sequential file (ChromeMethodBFE: 7::NewSequentialFile::1)
[27564:24604:0320/153930.087:ERROR:backend_impl.cc(989)] Critical error found -8
[27564:24604:0320/153930.361:WARNING:storage_block-inl.h(138)] Failed data load.
[27564:24604:0320/153930.361:WARNING:storage_block-inl.h(138)] Failed data load.
[27564:24604:0320/153930.362:ERROR:entry_impl.cc(955)] Failed to save user data
[4204:1856:0320/153930.779:WARNING:frame_impl.cc(430)] virtual CefFrameImpl::SendProcessMessage sent to detached frame 5-57221912C208972D6C4E9AE794809DF1 will be ignored
[11920:17848:0320/153934.770:ERROR:cast_crl.cc(443)] CRL - Verification failed.
[11920:17848:0320/153934.771:ERROR:cast_crl.cc(443)] CRL - Verification failed.
[11920:30532:0320/153935.071:WARNING:leveldb_database.cc(141)] Unable to open D:\GameJamGit\GameJam1\GamJamMovement\Saved\webcache_6613\Default\GCM Store\Encryption: IO error: D:\GameJamGit\GameJam1\GamJamMovement\Saved\webcache_6613\Default\GCM Store\Encryption/MANIFEST-000001: Unable to create sequential file (ChromeMethodBFE: 7::NewSequentialFile::1)
[11920:23928:0320/153935.334:ERROR:device_event_log_impl.cc(196)] [15:39:35.001] USB: usb_service_win.cc:105 SetupDiGetDeviceProperty({{A45C254E-DF1C-4EFD-8020-67D146A850E0}, 6}) failed: Element not found. (0x490)
[11920:17848:0320/154701.972:ERROR:cast_crl.cc(443)] CRL - Verification failed.
[11920:23928:0320/154832.570:WARNING:pref_notifier_impl.cc(41)] Pref observer for media_router.cast_allow_all_ips found at shutdown.
